<?xml version="1.0" encoding="UTF-8"?>
<testsuite name="yukuDemo"
           tests="1"
           failures="1"
           errors="0"
           skipped="0"
           time="109.297">
  <properties />
            <testcase name="setUp" time="109.297" classname="com.toprank.autoTest.testCase.Init">
                <failure type="org.openqa.selenium.remote.UnreachableBrowserException"
                  message="Could not start a new session. Possible causes are invalid address of the remote server or browser start-up failure.
Build info: version: &apos;2.53.1&apos;, revision: &apos;a36b8b1cd5757287168e54b817830adce9b0158d&apos;, time: &apos;2016-06-30 19:26:09&apos;
System info: host: &apos;HuPan-PC&apos;, ip: &apos;192.168.5.172&apos;, os.name: &apos;Windows 10&apos;, os.arch: &apos;amd64&apos;, os.version: &apos;10.0&apos;, java.version: &apos;1.8.0_121&apos;
Driver info: driver.version: AndroidDriver"
              >
<![CDATA[org.openqa.selenium.remote.UnreachableBrowserException: Could not start a new session. Possible causes are invalid address of the remote server or browser start-up failure.
Build info: version: '2.53.1', revision: 'a36b8b1cd5757287168e54b817830adce9b0158d', time: '2016-06-30 19:26:09'
System info: host: 'HuPan-PC', ip: '192.168.5.172', os.name: 'Windows 10', os.arch: 'amd64', os.version: '10.0', java.version: '1.8.0_121'
Driver info: driver.version: AndroidDriver
  org.openqa.selenium.remote.RemoteWebDriver.execute(RemoteWebDriver.java:665)
  io.appium.java_client.DefaultGenericMobileDriver.execute(DefaultGenericMobileDriver.java:40)
  io.appium.java_client.AppiumDriver.execute(AppiumDriver.java:1)
  io.appium.java_client.android.AndroidDriver.execute(AndroidDriver.java:1)
  org.openqa.selenium.remote.RemoteWebDriver.startSession(RemoteWebDriver.java:249)
  org.openqa.selenium.remote.RemoteWebDriver.<init>(RemoteWebDriver.java:131)
  org.openqa.selenium.remote.RemoteWebDriver.<init>(RemoteWebDriver.java:144)
  io.appium.java_client.DefaultGenericMobileDriver.<init>(DefaultGenericMobileDriver.java:36)
  io.appium.java_client.AppiumDriver.<init>(AppiumDriver.java:114)
  io.appium.java_client.AppiumDriver.<init>(AppiumDriver.java:132)
  io.appium.java_client.android.AndroidDriver.<init>(AndroidDriver.java:92)
  com.toprank.autoTest.testCase.Init.setUp(Init.java:31)
  sun.reflect.NativeMethodAccessorImpl.invoke0(Native Method)
  sun.reflect.NativeMethodAccessorImpl.invoke(Unknown Source)
  sun.reflect.DelegatingMethodAccessorImpl.invoke(Unknown Source)
  java.lang.reflect.Method.invoke(Unknown Source)
  org.testng.internal.MethodInvocationHelper.invokeMethod(MethodInvocationHelper.java:108)
  org.testng.internal.Invoker.invokeConfigurationMethod(Invoker.java:523)
  org.testng.internal.Invoker.invokeConfigurations(Invoker.java:224)
  org.testng.internal.Invoker.invokeConfigurations(Invoker.java:146)
  org.testng.TestRunner.beforeRun(TestRunner.java:626)
  org.testng.TestRunner.run(TestRunner.java:594)
  org.testng.SuiteRunner.runTest(SuiteRunner.java:380)
  org.testng.SuiteRunner.access$000(SuiteRunner.java:39)
  org.testng.SuiteRunner$SuiteWorker.run(SuiteRunner.java:414)
  org.testng.internal.thread.ThreadUtil$1.call(ThreadUtil.java:52)
  java.util.concurrent.FutureTask.run(Unknown Source)
  java.util.concurrent.ThreadPoolExecutor.runWorker(Unknown Source)
  java.util.concurrent.ThreadPoolExecutor$Worker.run(Unknown Source)
  java.lang.Thread.run(Unknown Source)
Caused by: org.openqa.selenium.WebDriverException: java.net.SocketException: Connection reset
Build info: version: '2.53.1', revision: 'a36b8b1cd5757287168e54b817830adce9b0158d', time: '2016-06-30 19:26:09'
System info: host: 'HuPan-PC', ip: '192.168.5.172', os.name: 'Windows 10', os.arch: 'amd64', os.version: '10.0', java.version: '1.8.0_121'
Driver info: driver.version: AndroidDriver
  io.appium.java_client.remote.AppiumCommandExecutor.execute(AppiumCommandExecutor.java:84)
  org.openqa.selenium.remote.RemoteWebDriver.execute(RemoteWebDriver.java:644)
  io.appium.java_client.DefaultGenericMobileDriver.execute(DefaultGenericMobileDriver.java:40)
  io.appium.java_client.AppiumDriver.execute(AppiumDriver.java:1)
  io.appium.java_client.android.AndroidDriver.execute(AndroidDriver.java:1)
  org.openqa.selenium.remote.RemoteWebDriver.startSession(RemoteWebDriver.java:249)
  org.openqa.selenium.remote.RemoteWebDriver.<init>(RemoteWebDriver.java:131)
  org.openqa.selenium.remote.RemoteWebDriver.<init>(RemoteWebDriver.java:144)
  io.appium.java_client.DefaultGenericMobileDriver.<init>(DefaultGenericMobileDriver.java:36)
  io.appium.java_client.AppiumDriver.<init>(AppiumDriver.java:114)
  io.appium.java_client.AppiumDriver.<init>(AppiumDriver.java:132)
  io.appium.java_client.android.AndroidDriver.<init>(AndroidDriver.java:92)
  com.toprank.autoTest.testCase.Init.setUp(Init.java:31)
  sun.reflect.NativeMethodAccessorImpl.invoke0(Native Method)
  sun.reflect.NativeMethodAccessorImpl.invoke(Unknown Source)
  sun.reflect.DelegatingMethodAccessorImpl.invoke(Unknown Source)
  java.lang.reflect.Method.invoke(Unknown Source)
  org.testng.internal.MethodInvocationHelper.invokeMethod(MethodInvocationHelper.java:108)
  org.testng.internal.Invoker.invokeConfigurationMethod(Invoker.java:523)
  org.testng.internal.Invoker.invokeConfigurations(Invoker.java:224)
  org.testng.internal.Invoker.invokeConfigurations(Invoker.java:146)
  org.testng.TestRunner.beforeRun(TestRunner.java:626)
  org.testng.TestRunner.run(TestRunner.java:594)
  org.testng.SuiteRunner.runTest(SuiteRunner.java:380)
  org.testng.SuiteRunner.access$000(SuiteRunner.java:39)
  org.testng.SuiteRunner$SuiteWorker.run(SuiteRunner.java:414)
  org.testng.internal.thread.ThreadUtil$1.call(ThreadUtil.java:52)
  java.util.concurrent.FutureTask.run(Unknown Source)
  java.util.concurrent.ThreadPoolExecutor.runWorker(Unknown Source)
  java.util.concurrent.ThreadPoolExecutor$Worker.run(Unknown Source)
  java.lang.Thread.run(Unknown Source)
Caused by: java.net.SocketException: Connection reset
  java.net.SocketInputStream.read(Unknown Source)
  java.net.SocketInputStream.read(Unknown Source)
  org.apache.http.impl.io.SessionInputBufferImpl.streamRead(SessionInputBufferImpl.java:139)
  org.apache.http.impl.io.SessionInputBufferImpl.fillBuffer(SessionInputBufferImpl.java:155)
  org.apache.http.impl.io.SessionInputBufferImpl.readLine(SessionInputBufferImpl.java:284)
  org.apache.http.impl.conn.DefaultHttpResponseParser.parseHead(DefaultHttpResponseParser.java:140)
  org.apache.http.impl.conn.DefaultHttpResponseParser.parseHead(DefaultHttpResponseParser.java:57)
  org.apache.http.impl.io.AbstractMessageParser.parse(AbstractMessageParser.java:261)
  org.apache.http.impl.DefaultBHttpClientConnection.receiveResponseHeader(DefaultBHttpClientConnection.java:165)
  org.apache.http.impl.conn.CPoolProxy.receiveResponseHeader(CPoolProxy.java:167)
  org.apache.http.protocol.HttpRequestExecutor.doReceiveResponse(HttpRequestExecutor.java:272)
  org.apache.http.protocol.HttpRequestExecutor.execute(HttpRequestExecutor.java:124)
  org.apache.http.impl.execchain.MainClientExec.execute(MainClientExec.java:271)
  org.apache.http.impl.execchain.ProtocolExec.execute(ProtocolExec.java:184)
  org.apache.http.impl.execchain.RetryExec.execute(RetryExec.java:88)
  org.apache.http.impl.execchain.RedirectExec.execute(RedirectExec.java:110)
  org.apache.http.impl.client.InternalHttpClient.doExecute(InternalHttpClient.java:184)
  org.apache.http.impl.client.CloseableHttpClient.execute(CloseableHttpClient.java:71)
  org.apache.http.impl.client.CloseableHttpClient.execute(CloseableHttpClient.java:55)
  org.openqa.selenium.remote.internal.ApacheHttpClient.fallBackExecute(ApacheHttpClient.java:144)
  org.openqa.selenium.remote.internal.ApacheHttpClient.execute(ApacheHttpClient.java:90)
  org.openqa.selenium.remote.HttpCommandExecutor.execute(HttpCommandExecutor.java:142)
  io.appium.java_client.remote.AppiumCommandExecutor.execute(AppiumCommandExecutor.java:69)
  org.openqa.selenium.remote.RemoteWebDriver.execute(RemoteWebDriver.java:644)
  io.appium.java_client.DefaultGenericMobileDriver.execute(DefaultGenericMobileDriver.java:40)
  io.appium.java_client.AppiumDriver.execute(AppiumDriver.java:1)
  io.appium.java_client.android.AndroidDriver.execute(AndroidDriver.java:1)
  org.openqa.selenium.remote.RemoteWebDriver.startSession(RemoteWebDriver.java:249)
  org.openqa.selenium.remote.RemoteWebDriver.<init>(RemoteWebDriver.java:131)
  org.openqa.selenium.remote.RemoteWebDriver.<init>(RemoteWebDriver.java:144)
  io.appium.java_client.DefaultGenericMobileDriver.<init>(DefaultGenericMobileDriver.java:36)
  io.appium.java_client.AppiumDriver.<init>(AppiumDriver.java:114)
  io.appium.java_client.AppiumDriver.<init>(AppiumDriver.java:132)
  io.appium.java_client.android.AndroidDriver.<init>(AndroidDriver.java:92)
  com.toprank.autoTest.testCase.Init.setUp(Init.java:31)
  sun.reflect.NativeMethodAccessorImpl.invoke0(Native Method)
  sun.reflect.NativeMethodAccessorImpl.invoke(Unknown Source)
  sun.reflect.DelegatingMethodAccessorImpl.invoke(Unknown Source)
  java.lang.reflect.Method.invoke(Unknown Source)
  org.testng.internal.MethodInvocationHelper.invokeMethod(MethodInvocationHelper.java:108)
  org.testng.internal.Invoker.invokeConfigurationMethod(Invoker.java:523)
  org.testng.internal.Invoker.invokeConfigurations(Invoker.java:224)
  org.testng.internal.Invoker.invokeConfigurations(Invoker.java:146)
  org.testng.TestRunner.beforeRun(TestRunner.java:626)
  org.testng.TestRunner.run(TestRunner.java:594)
  org.testng.SuiteRunner.runTest(SuiteRunner.java:380)
  org.testng.SuiteRunner.access$000(SuiteRunner.java:39)
  org.testng.SuiteRunner$SuiteWorker.run(SuiteRunner.java:414)
  org.testng.internal.thread.ThreadUtil$1.call(ThreadUtil.java:52)
  java.util.concurrent.FutureTask.run(Unknown Source)
  java.util.concurrent.ThreadPoolExecutor.runWorker(Unknown Source)
  java.util.concurrent.ThreadPoolExecutor$Worker.run(Unknown Source)
  java.lang.Thread.run(Unknown Source)
]]>
      </failure>

          </testcase>
  
  
  
</testsuite>
